nohup: 忽略输入

> @jindan/core@0.1.0 dev
> tsx watch src/server.ts

node:events:495
      throw er; // Unhandled 'error' event
      ^

Error: EBADF: bad file descriptor, read
Emitted 'error' event on ReadStream instance at:
    at emitErrorNT (node:internal/streams/destroy:151:8)
    at errorOrDestroy (node:internal/streams/destroy:214:7)
    at node:internal/fs/streams:260:9
    at FSReqCallback.wrapper [as oncomplete] (node:fs:677:5) {
  errno: -9,
  code: 'EBADF',
  syscall: 'read'
}

Node.js v18.19.0
npm ERR! Lifecycle script `dev` failed with error: 
npm ERR! Error: command failed 
npm ERR!   in workspace: @jindan/core@0.1.0 
npm ERR!   at location: /home/kenji/Jindan/packages/core 
